<?xml version="1.0" encoding="UTF-8"?>
<!-- Generated by org.testng.reporters.JUnitReportReporter -->
<testsuite hostname="Jeeveshs-MBP.lan" name="my.utils.DateTimeTest" tests="10" failures="0" timestamp="28 Jan 2017 19:30:16 GMT" time="0.074" errors="0">
  <testcase name="test_copy_DateTime" time="0.000" classname="my.utils.DateTimeTest"/>
  <testcase name="test_toString" time="0.000" classname="my.utils.DateTimeTest"/>
  <testcase name="test_of_Date" time="0.052" classname="my.utils.DateTimeTest"/>
  <testcase name="test_format" time="0.001" classname="my.utils.DateTimeTest"/>
  <testcase name="test_Parse_Invalid_Format" time="0.000" classname="my.utils.DateTimeTest"/>
  <testcase name="test_of_Instant" time="0.000" classname="my.utils.DateTimeTest"/>
  <testcase name="test_format_enum" time="0.001" classname="my.utils.DateTimeTest"/>
  <testcase name="test_Parse_Invalid_Date" time="0.017" classname="my.utils.DateTimeTest"/>
  <testcase name="test_of_dateTime_toXmlGregorianCalendar" time="0.000" classname="my.utils.DateTimeTest"/>
  <testcase name="test_of_dateFormat_toXmlGregorianCalendar" time="0.003" classname="my.utils.DateTimeTest"/>
</testsuite> <!-- my.utils.DateTimeTest -->
