<?xml version="1.0" encoding="UTF-8"?>
<!-- Generated by org.testng.reporters.JUnitReportReporter -->
<testsuite hostname="Jeeveshs-MBP.lan" name="my.utils.SequenceTest" tests="41" failures="0" timestamp="28 Jan 2017 19:30:16 GMT" time="0.016" errors="0">
  <testcase name="test_max" time="0.001" classname="my.utils.SequenceTest"/>
  <testcase name="test_sortBy_desc" time="0.000" classname="my.utils.SequenceTest"/>
  <testcase name="test_take" time="0.000" classname="my.utils.SequenceTest"/>
  <testcase name="test_size" time="0.000" classname="my.utils.SequenceTest"/>
  <testcase name="test_sequence_ofList" time="0.000" classname="my.utils.SequenceTest"/>
  <testcase name="test_sequence_isEmpty_whenSourceIsNotEmpty" time="0.000" classname="my.utils.SequenceTest"/>
  <testcase name="test_removeNullValues" time="0.000" classname="my.utils.SequenceTest"/>
  <testcase name="test_filter" time="0.000" classname="my.utils.SequenceTest"/>
  <testcase name="test_sort" time="0.001" classname="my.utils.SequenceTest"/>
  <testcase name="test_first_byCondition" time="0.000" classname="my.utils.SequenceTest"/>
  <testcase name="test_max_ofInnerValue" time="0.001" classname="my.utils.SequenceTest"/>
  <testcase name="test_take_fromWithSize" time="0.001" classname="my.utils.SequenceTest"/>
  <testcase name="test_firstOrDefault_byCondition" time="0.000" classname="my.utils.SequenceTest"/>
  <testcase name="test_sequence_single" time="0.000" classname="my.utils.SequenceTest"/>
  <testcase name="test_remove" time="0.000" classname="my.utils.SequenceTest"/>
  <testcase name="test_last" time="0.000" classname="my.utils.SequenceTest"/>
  <testcase name="test_sequence_merge_collection" time="0.000" classname="my.utils.SequenceTest"/>
  <testcase name="test_sequence_ofArray_whenSourceIsNull" time="0.001" classname="my.utils.SequenceTest"/>
  <testcase name="test_sequence_remove" time="0.000" classname="my.utils.SequenceTest"/>
  <testcase name="test_get" time="0.000" classname="my.utils.SequenceTest"/>
  <testcase name="test_sequence_removeByIndex" time="0.000" classname="my.utils.SequenceTest"/>
  <testcase name="test_sort_desc" time="0.000" classname="my.utils.SequenceTest"/>
  <testcase name="test_sequence_merge_array" time="0.000" classname="my.utils.SequenceTest"/>
  <testcase name="test_filterNot" time="0.001" classname="my.utils.SequenceTest"/>
  <testcase name="test_remove_whenFilterArrayOfValues" time="0.001" classname="my.utils.SequenceTest"/>
  <testcase name="test_sequence_removeByArray" time="0.000" classname="my.utils.SequenceTest"/>
  <testcase name="test_lastOrDefault_whenSourceIsEmpty" time="0.002" classname="my.utils.SequenceTest"/>
  <testcase name="test_sequence_ofList_whenSourceIsNull" time="0.000" classname="my.utils.SequenceTest"/>
  <testcase name="test_sortBy" time="0.000" classname="my.utils.SequenceTest"/>
  <testcase name="test_lastOrDefault" time="0.000" classname="my.utils.SequenceTest"/>
  <testcase name="test_map" time="0.006" classname="my.utils.SequenceTest"/>
  <testcase name="test_sequence_isEmpty_whenSourceIsEmpty" time="0.000" classname="my.utils.SequenceTest"/>
  <testcase name="test_min_ofInnerValue" time="0.001" classname="my.utils.SequenceTest"/>
  <testcase name="test_sequence_add" time="0.000" classname="my.utils.SequenceTest"/>
  <testcase name="test_sequence_removeByEmptyArray" time="0.000" classname="my.utils.SequenceTest"/>
  <testcase name="test_min" time="0.000" classname="my.utils.SequenceTest"/>
  <testcase name="test_sequence_ofValues" time="0.000" classname="my.utils.SequenceTest"/>
  <testcase name="test_remove_whenSeveralValues" time="0.000" classname="my.utils.SequenceTest"/>
  <testcase name="test_sequence_isEmpty_whenNullSource" time="0.000" classname="my.utils.SequenceTest"/>
  <testcase name="test_take_whenSizeIsMoreThenSource" time="0.000" classname="my.utils.SequenceTest"/>
  <testcase name="test_sequence_ofArray" time="0.000" classname="my.utils.SequenceTest"/>
</testsuite> <!-- my.utils.SequenceTest -->
