<?xml version="1.0" encoding="UTF-8"?>
<!-- Generated by org.testng.reporters.JUnitReportReporter -->
<testsuite hostname="Jeeveshs-MBP.lan" name="my.utils.FunctionalMapTest" tests="11" failures="0" timestamp="28 Jan 2017 19:30:16 GMT" time="0.007" errors="0">
  <testcase name="test_of_map" time="0.000" classname="my.utils.FunctionalMapTest"/>
  <testcase name="test_merge_whenSourceIsNull" time="0.000" classname="my.utils.FunctionalMapTest"/>
  <testcase name="test_foreach_whenNoException" time="0.001" classname="my.utils.FunctionalMapTest"/>
  <testcase name="test_filterNot" time="0.001" classname="my.utils.FunctionalMapTest"/>
  <testcase name="test_put" time="0.000" classname="my.utils.FunctionalMapTest"/>
  <testcase name="test_of_entrySet" time="0.000" classname="my.utils.FunctionalMapTest"/>
  <testcase name="test_merge" time="0.000" classname="my.utils.FunctionalMapTest"/>
  <testcase name="test_values" time="0.002" classname="my.utils.FunctionalMapTest"/>
  <testcase name="test_remove" time="0.001" classname="my.utils.FunctionalMapTest"/>
  <testcase name="test_filter" time="0.002" classname="my.utils.FunctionalMapTest"/>
  <testcase name="test_foreach_whenThrowException" time="0.000" classname="my.utils.FunctionalMapTest"/>
</testsuite> <!-- my.utils.FunctionalMapTest -->
