<?xml version="1.0" encoding="UTF-8"?>
<!-- Generated by org.testng.reporters.JUnitReportReporter -->
<testsuite hostname="Jeeveshs-MBP.lan" name="my.utils.CryptographyUtilsTest" tests="2" failures="0" timestamp="28 Jan 2017 19:30:16 GMT" time="0.073" errors="0">
  <testcase name="testCryptography" time="0.072" classname="my.utils.CryptographyUtilsTest"/>
  <testcase name="testCryptography_when_saltString_not_same" time="0.001" classname="my.utils.CryptographyUtilsTest"/>
</testsuite> <!-- my.utils.CryptographyUtilsTest -->
