<?xml version="1.0" encoding="UTF-8"?>
<!-- Generated by org.testng.reporters.JUnitReportReporter -->
<testsuite hostname="Jeeveshs-MBP.lan" name="my.utils.CollectionUtilsTest" tests="11" failures="0" timestamp="28 Jan 2017 19:30:16 GMT" time="0.010" errors="0">
  <testcase name="test_getSingleOrDefault_whenListContainsMultipleElements_willThrowException" time="0.000" classname="my.utils.CollectionUtilsTest"/>
  <testcase name="test_toArray" time="0.001" classname="my.utils.CollectionUtilsTest"/>
  <testcase name="test_isNullOrEmpty_whenListIsNull" time="0.000" classname="my.utils.CollectionUtilsTest"/>
  <testcase name="test_isNullOrEmpty_whenListIsNotNullOrEmpty" time="0.000" classname="my.utils.CollectionUtilsTest"/>
  <testcase name="test_isNullOrEmpty_whenListIsEmpty" time="0.000" classname="my.utils.CollectionUtilsTest"/>
  <testcase name="test_getSingleOrDefault_whenListIsNull_willThrowException" time="0.000" classname="my.utils.CollectionUtilsTest"/>
  <testcase name="test_getSingle_whenListIsNull_willThrowException" time="0.000" classname="my.utils.CollectionUtilsTest"/>
  <testcase name="test_difference" time="0.008" classname="my.utils.CollectionUtilsTest"/>
  <testcase name="test_getSingle_whenSingleElement_willReturnElement" time="0.001" classname="my.utils.CollectionUtilsTest"/>
  <testcase name="test_eliminateDuplicates" time="0.000" classname="my.utils.CollectionUtilsTest"/>
  <testcase name="test_getSingle_whenListContainsMultipleElements_willThrowException" time="0.000" classname="my.utils.CollectionUtilsTest"/>
</testsuite> <!-- my.utils.CollectionUtilsTest -->
