<?xml version="1.0" encoding="UTF-8"?>
<!-- Generated by org.testng.reporters.JUnitReportReporter -->
<testsuite hostname="Jeeveshs-MBP.lan" name="my.utils.XmlUtilsTest" tests="6" failures="0" timestamp="28 Jan 2017 19:30:16 GMT" time="0.082" errors="0">
  <testcase name="test_getNamespace" time="0.003" classname="my.utils.XmlUtilsTest"/>
  <testcase name="test_getElementXml_withoutNamespace" time="0.005" classname="my.utils.XmlUtilsTest"/>
  <testcase name="test_getNode_withoutNamespace" time="0.004" classname="my.utils.XmlUtilsTest"/>
  <testcase name="test_getNode" time="0.004" classname="my.utils.XmlUtilsTest"/>
  <testcase name="test_getFirstChildElement" time="0.006" classname="my.utils.XmlUtilsTest"/>
  <testcase name="test_getElementXml" time="0.060" classname="my.utils.XmlUtilsTest"/>
</testsuite> <!-- my.utils.XmlUtilsTest -->
