<?xml version="1.0" encoding="UTF-8"?>
<!-- Generated by org.testng.reporters.JUnitReportReporter -->
<testsuite hostname="Jeeveshs-MBP.lan" name="my.utils.JsonUtilsTest" tests="10" failures="0" timestamp="28 Jan 2017 19:30:16 GMT" time="0.201" errors="0">
  <testcase name="test_serialize_nestedObject" time="0.000" classname="my.utils.JsonUtilsTest"/>
  <testcase name="test_deserialize_list" time="0.039" classname="my.utils.JsonUtilsTest"/>
  <testcase name="test_serialize_list" time="0.000" classname="my.utils.JsonUtilsTest"/>
  <testcase name="test_deserialize_nestedObject" time="0.001" classname="my.utils.JsonUtilsTest"/>
  <testcase name="test_deserialize_invalidJson_withDefaultValue" time="0.000" classname="my.utils.JsonUtilsTest"/>
  <testcase name="test_serialize" time="0.002" classname="my.utils.JsonUtilsTest"/>
  <testcase name="test_deserialize_strict" time="0.000" classname="my.utils.JsonUtilsTest"/>
  <testcase name="test_deserialize_invalidJson" time="0.000" classname="my.utils.JsonUtilsTest"/>
  <testcase name="test_deserialize" time="0.159" classname="my.utils.JsonUtilsTest"/>
  <testcase name="test_serialize_multivaluedMap" time="0.000" classname="my.utils.JsonUtilsTest"/>
</testsuite> <!-- my.utils.JsonUtilsTest -->
